<?xml version="1.0" encoding="UTF-8"?>
<!-- Generated by org.testng.reporters.JUnitReportReporter -->
<testsuite skipped="0" hostname="DESKTOP-F8IV01N" name="testSelenium.SeleniumTest" tests="1" failures="0" timestamp="16 Sep 2018 07:33:31 GMT" time="60.535" errors="0">
  <testcase name="testApp" time="60.535" classname="testSelenium.SeleniumTest"/>
</testsuite> <!-- testSelenium.SeleniumTest -->
