<?xml version="1.0" encoding="UTF-8"?>
<!-- Generated by org.testng.reporters.JUnitReportReporter -->
<testsuite skipped="0" hostname="DESKTOP-F8IV01N" name="testSelenium.SeleniumTest" tests="1" failures="0" timestamp="13 Mar 2018 19:43:46 GMT" time="59.284" errors="0">
  <testcase name="testApp" time="59.284" classname="testSelenium.SeleniumTest"/>
</testsuite> <!-- testSelenium.SeleniumTest -->
